
2016-11-14 13:50:57,753 - 2AU - INFO - ---- logger init ----
2016-11-14 13:50:57,755 - 2AU - INFO - selected roles : [8, 4, 2]
2016-11-14 13:50:57,841 - 2AU - ERROR - section name To does not exist
2016-11-14 13:50:57,841 - 2AU - ERROR - section name To does not exist
2016-11-14 13:50:58,117 - 2AU - INFO - mail sent from upgradeAutomation@st.com to ['fares.benkhalifa@st.com']
2016-11-14 13:50:58,536 - 2AU - INFO - mail sent from upgradeAutomation@st.com to ['fares.benkhalifa@st.com']
2016-11-14 13:50:58,665 - 2AU - ERROR - section name To does not exist
2016-11-14 13:50:58,665 - 2AU - ERROR - section name To does not exist
2016-11-14 13:50:58,931 - 2AU - INFO - mail sent from upgradeAutomation@st.com to ['fares.benkhalifa@st.com']
2016-11-14 13:52:02,335 - 2AU - INFO - ---- logger init ----
2016-11-14 13:52:02,336 - 2AU - INFO - selected roles : [8, 4, 2]
2016-11-14 13:52:04,022 - 2AU - INFO - section name To does not exist
2016-11-14 13:52:04,022 - 2AU - INFO - section name To does not exist
2016-11-14 13:52:04,254 - 2AU - INFO - mail sent from upgradeAutomation@st.com to ['fares.benkhalifa@st.com']
2016-11-14 13:52:04,650 - 2AU - INFO - mail sent from upgradeAutomation@st.com to ['fares.benkhalifa@st.com']
2016-11-14 13:52:04,781 - 2AU - INFO - section name To does not exist
2016-11-14 13:52:04,781 - 2AU - INFO - section name To does not exist
2016-11-14 13:52:05,045 - 2AU - INFO - mail sent from upgradeAutomation@st.com to ['fares.benkhalifa@st.com']
2016-11-14 13:52:41,016 - 2AU - INFO - ---- logger init ----
2016-11-14 13:52:41,018 - 2AU - INFO - selected roles : [8, 4, 2]
2016-11-14 13:52:41,107 - 2AU - INFO - section name To does not exist
2016-11-14 13:52:41,375 - 2AU - INFO - mail sent from upgradeAutomation@st.com to ['fares.benkhalifa@st.com']
2016-11-14 13:52:41,734 - 2AU - INFO - mail sent from upgradeAutomation@st.com to ['fares.benkhalifa@st.com']
2016-11-14 13:52:41,863 - 2AU - INFO - section name To does not exist
2016-11-14 13:52:42,130 - 2AU - INFO - mail sent from upgradeAutomation@st.com to ['fares.benkhalifa@st.com']
2016-11-14 13:53:04,680 - 2AU - INFO - ---- logger init ----
2016-11-14 13:53:04,681 - 2AU - INFO - selected roles : [8, 4, 2]
2016-11-14 13:53:04,921 - 2AU - INFO - section name To does not exist
2016-11-14 13:53:04,921 - 2AU - INFO - section name To does not exist
2016-11-14 13:53:05,322 - 2AU - INFO - mail sent from upgradeAutomation@st.com to ['fares.benkhalifa@st.com']
2016-11-14 13:53:06,218 - 2AU - INFO - mail sent from upgradeAutomation@st.com to ['fares.benkhalifa@st.com']
2016-11-14 13:53:06,494 - 2AU - INFO - section name To does not exist
2016-11-14 13:53:06,494 - 2AU - INFO - section name To does not exist
2016-11-14 13:53:06,966 - 2AU - INFO - mail sent from upgradeAutomation@st.com to ['fares.benkhalifa@st.com']
2016-11-14 13:53:21,063 - 2AU - INFO - ---- logger init ----
2016-11-14 13:53:21,065 - 2AU - INFO - selected roles : [8, 4, 2]
2016-11-14 13:53:21,174 - 2AU - INFO - section name To does not exist
2016-11-14 13:53:21,768 - 2AU - INFO - mail sent from upgradeAutomation@st.com to ['fares.benkhalifa@st.com']
2016-11-14 13:53:22,500 - 2AU - INFO - mail sent from upgradeAutomation@st.com to ['fares.benkhalifa@st.com']
2016-11-14 13:53:22,935 - 2AU - INFO - section name To does not exist
2016-11-14 13:53:23,534 - 2AU - INFO - mail sent from upgradeAutomation@st.com to ['fares.benkhalifa@st.com']
2016-11-14 13:53:40,222 - 2AU - INFO - ---- logger init ----
2016-11-14 13:53:40,224 - 2AU - INFO - selected roles : [8, 4, 2]
2016-11-14 13:53:40,310 - 2AU - INFO - section name To does not exist
2016-11-14 13:53:40,586 - 2AU - INFO - mail sent from upgradeAutomation@st.com to ['fares.benkhalifa@st.com']
2016-11-14 13:53:40,953 - 2AU - INFO - mail sent from upgradeAutomation@st.com to ['fares.benkhalifa@st.com']
2016-11-14 13:53:41,083 - 2AU - INFO - section name To does not exist
2016-11-14 13:53:41,306 - 2AU - INFO - mail sent from upgradeAutomation@st.com to ['fares.benkhalifa@st.com']
2016-11-14 13:55:07,183 - 2AU - INFO - ---- logger init ----
2016-11-14 13:55:07,188 - 2AU - INFO - selected roles : [8, 4, 2]
2016-11-14 13:55:15,785 - 2AU - INFO - ---- logger init ----
2016-11-14 13:55:15,786 - 2AU - INFO - selected roles : [8, 4, 2]
2016-11-14 13:55:15,872 - 2AU - INFO - section name To does not exist
2016-11-14 13:55:16,103 - 2AU - INFO - mail sent from upgradeAutomation@st.com to ['fares.benkhalifa@st.com']
2016-11-14 13:55:16,506 - 2AU - INFO - mail sent from upgradeAutomation@st.com to ['fares.benkhalifa@st.com']
2016-11-14 13:55:16,634 - 2AU - INFO - section name To does not exist
2016-11-14 13:55:16,936 - 2AU - INFO - mail sent from upgradeAutomation@st.com to ['fares.benkhalifa@st.com']
2016-11-14 14:09:56,810 - 2AU - INFO - ---- logger init ----
2016-11-14 14:09:56,812 - 2AU - INFO - selected roles : [8, 4, 2]
2016-11-14 14:09:56,907 - 2AU - INFO - section name To does not exist
2016-11-14 14:09:57,142 - 2AU - INFO - mail sent from upgradeAutomation@st.com to ['fares.benkhalifa@st.com']
2016-11-14 14:09:57,504 - 2AU - INFO - mail sent from upgradeAutomation@st.com to ['fares.benkhalifa@st.com']
2016-11-14 14:09:57,631 - 2AU - INFO - section name To does not exist
2016-11-14 14:09:57,860 - 2AU - INFO - mail sent from upgradeAutomation@st.com to ['fares.benkhalifa@st.com']
2016-11-14 14:11:57,094 - 2AU - INFO - ---- logger init ----
2016-11-14 14:11:57,095 - 2AU - INFO - selected roles : [8, 4, 2]
2016-11-14 14:11:57,186 - 2AU - INFO - section name To does not exist
2016-11-14 14:11:57,445 - 2AU - INFO - mail sent from upgradeAutomation@st.com to ['fares.benkhalifa@st.com']
2016-11-14 14:11:57,583 - 2AU - INFO - section name To does not exist
2016-11-14 14:11:57,864 - 2AU - INFO - mail sent from upgradeAutomation@st.com to ['fares.benkhalifa@st.com']
2016-11-14 14:11:58,000 - 2AU - INFO - section name To does not exist
2016-11-14 14:11:58,236 - 2AU - INFO - mail sent from upgradeAutomation@st.com to ['fares.benkhalifa@st.com']
2016-11-14 14:12:11,561 - 2AU - INFO - ---- logger init ----
2016-11-14 14:12:11,562 - 2AU - INFO - selected roles : [8, 4, 2]
2016-11-14 14:12:11,651 - 2AU - INFO - section name To does not exist
2016-11-14 14:12:34,362 - 2AU - INFO - ---- logger init ----
2016-11-14 14:12:34,364 - 2AU - INFO - selected roles : [8, 4, 2]
2016-11-14 14:12:34,452 - 2AU - INFO - section name To does not exist
2016-11-14 14:12:34,738 - 2AU - INFO - mail sent from upgradeAutomation@st.com to ['fares.benkhalifa@st.comd']
2016-11-14 14:12:34,872 - 2AU - INFO - section name To does not exist
2016-11-14 14:12:35,120 - 2AU - INFO - mail sent from upgradeAutomation@st.com to ['fares.benkhalifa@st.comd']
2016-11-14 14:12:35,253 - 2AU - INFO - section name To does not exist
2016-11-14 14:12:35,535 - 2AU - INFO - mail sent from upgradeAutomation@st.com to ['fares.benkhalifa@st.comd']
2016-11-14 14:13:04,936 - 2AU - INFO - ---- logger init ----
2016-11-14 14:13:04,938 - 2AU - INFO - selected roles : [8, 4, 2]
2016-11-14 14:13:05,032 - 2AU - INFO - section name TO does not exist
2016-11-14 14:13:05,321 - 2AU - INFO - mail sent from upgradeAutomation@st.com to ['fares.benkhalifa@st.comd']
2016-11-14 14:13:05,746 - 2AU - INFO - mail sent from upgradeAutomation@st.com to ['fares.benkhalifa@st.comd']
2016-11-14 14:13:05,883 - 2AU - INFO - section name TO does not exist
2016-11-14 14:13:06,129 - 2AU - INFO - mail sent from upgradeAutomation@st.com to ['fares.benkhalifa@st.comd']
2016-11-14 14:13:49,203 - 2AU - INFO - ---- logger init ----
2016-11-14 14:13:49,204 - 2AU - INFO - selected roles : [8, 4, 2]
2016-11-14 14:13:49,290 - 2AU - INFO - section name TO does not exist
2016-11-14 14:13:49,534 - 2AU - INFO - mail sent from upgradeAutomation@st.com to ['fares.benkhalifa@st.comd']
2016-11-14 14:13:49,937 - 2AU - INFO - mail sent from upgradeAutomation@st.com to ['fares.benkhalifa@st.comd']
2016-11-14 14:13:50,067 - 2AU - INFO - section name TO does not exist
2016-11-14 14:13:50,340 - 2AU - INFO - mail sent from upgradeAutomation@st.com to ['fares.benkhalifa@st.comd']
2016-11-14 14:14:43,591 - 2AU - INFO - ---- logger init ----
2016-11-14 14:14:43,592 - 2AU - INFO - selected roles : [8, 4, 2]
2016-11-14 14:14:43,682 - 2AU - INFO - section name TO does not exist
2016-11-14 14:14:43,916 - 2AU - INFO - mail sent from upgradeAutomation@st.com to ['fares.benkhalifa@st.comd']
2016-11-14 14:14:44,312 - 2AU - INFO - mail sent from upgradeAutomation@st.com to ['fares.benkhalifa@st.comd']
2016-11-14 14:14:44,448 - 2AU - INFO - section name TO does not exist
2016-11-14 14:14:44,690 - 2AU - INFO - mail sent from upgradeAutomation@st.com to ['fares.benkhalifa@st.comd']
2016-11-14 14:15:14,984 - 2AU - INFO - ---- logger init ----
2016-11-14 14:15:14,985 - 2AU - INFO - selected roles : [8, 4, 2]
2016-11-14 14:15:15,313 - 2AU - INFO - mail sent from upgradeAutomation@st.com to ['fares.benkhalifa@st.comd']
2016-11-14 14:15:15,710 - 2AU - INFO - mail sent from upgradeAutomation@st.com to ['fares.benkhalifa@st.comd']
2016-11-14 14:15:16,078 - 2AU - INFO - mail sent from upgradeAutomation@st.com to ['fares.benkhalifa@st.comd']
2016-11-14 14:16:38,628 - 2AU - INFO - ---- logger init ----
2016-11-14 14:16:38,630 - 2AU - INFO - selected roles : [8, 4, 2]
2016-11-14 14:16:38,992 - 2AU - INFO - mail sent from upgradeAutomation@st.com to ['fares.benkhalifa@st.comd']
2016-11-14 14:16:39,398 - 2AU - INFO - mail sent from upgradeAutomation@st.com to ['fares.benkhalifa@st.comd']
2016-11-14 14:16:39,809 - 2AU - INFO - mail sent from upgradeAutomation@st.com to ['fares.benkhalifa@st.comd']
2016-11-14 14:17:17,993 - 2AU - INFO - ---- logger init ----
2016-11-14 14:17:17,995 - 2AU - INFO - selected roles : [8, 4, 2]
2016-11-14 14:17:18,358 - 2AU - INFO - mail sent from upgradeAutomation@st.com to ['fares.benkhalifa@st.comd']
2016-11-14 14:17:18,714 - 2AU - INFO - mail sent from upgradeAutomation@st.com to ['fares.benkhalifa@st.comd']
2016-11-14 14:17:19,110 - 2AU - INFO - mail sent from upgradeAutomation@st.com to ['fares.benkhalifa@st.comd']
2016-11-14 14:17:46,727 - 2AU - INFO - ---- logger init ----
2016-11-14 14:17:46,728 - 2AU - INFO - selected roles : [8, 4, 2]
2016-11-14 14:17:47,043 - 2AU - INFO - mail sent from upgradeAutomation@st.com to ['mohamed-rafik.benmansour@st.com']
2016-11-14 14:17:47,441 - 2AU - INFO - mail sent from upgradeAutomation@st.com to ['mohamed-rafik.benmansour@st.com']
2016-11-14 14:17:47,845 - 2AU - INFO - mail sent from upgradeAutomation@st.com to ['mohamed-rafik.benmansour@st.com']
2016-11-14 14:20:48,483 - 2AU - INFO - ---- logger init ----
2016-11-14 14:20:48,486 - 2AU - INFO - selected roles : [8, 4, 2]
2016-11-14 14:20:48,830 - 2AU - INFO - mail sent from upgradeAutomation@st.com to ['mohamed-rafik.benmansour@st.com']
2016-11-14 14:20:49,231 - 2AU - INFO - mail sent from upgradeAutomation@st.com to ['mohamed-rafik.benmansour@st.com']
2016-11-14 14:20:49,590 - 2AU - INFO - mail sent from upgradeAutomation@st.com to ['mohamed-rafik.benmansour@st.com']
2016-11-14 14:23:32,391 - 2AU - INFO - ---- logger init ----
2016-11-14 14:23:32,393 - 2AU - INFO - selected roles : [8, 4, 2]
2016-11-14 14:23:33,027 - 2AU - INFO - mail sent from upgradeAutomation@st.com to ['mohamed-rafik.benmansour@st.com']
2016-11-14 14:23:45,735 - 2AU - INFO - ---- logger init ----
2016-11-14 14:23:45,737 - 2AU - INFO - selected roles : [8, 4, 2]
2016-11-14 14:23:46,050 - 2AU - INFO - mail sent from upgradeAutomation@st.com to ['mohamed-rafik.benmansour@st.com']
2016-11-14 14:23:46,454 - 2AU - INFO - mail sent from upgradeAutomation@st.com to ['mohamed-rafik.benmansour@st.com']
2016-11-14 14:23:46,813 - 2AU - INFO - mail sent from upgradeAutomation@st.com to ['mohamed-rafik.benmansour@st.com']
2016-11-14 14:24:26,713 - 2AU - INFO - ---- logger init ----
2016-11-14 14:24:26,714 - 2AU - INFO - selected roles : [8, 4, 2]
2016-11-14 14:24:27,040 - 2AU - INFO - mail sent from upgradeAutomation@st.com to ['mohamed-rafik.benmansour@st.com']
2016-11-14 14:25:03,152 - 2AU - INFO - ---- logger init ----
2016-11-14 14:25:03,154 - 2AU - INFO - selected roles : [8, 4, 2]
2016-11-14 14:25:03,541 - 2AU - INFO - mail sent from upgradeAutomation@st.com to ['mohamed-rafik.benmansour@st.com']
2016-11-14 14:25:25,004 - 2AU - INFO - ---- logger init ----
2016-11-14 14:25:25,005 - 2AU - INFO - selected roles : [8, 4, 2]
2016-11-14 14:25:25,331 - 2AU - INFO - mail sent from upgradeAutomation@st.com to ['mohamed-rafik.benmansour@st.com']
2016-11-14 14:25:25,709 - 2AU - INFO - mail sent from upgradeAutomation@st.com to mohamed-rafik.benmansour@st.com
2016-11-14 14:25:26,158 - 2AU - INFO - mail sent from upgradeAutomation@st.com to ['mohamed-rafik.benmansour@st.com']
2016-11-14 14:26:15,889 - 2AU - INFO - ---- logger init ----
2016-11-14 14:26:15,892 - 2AU - INFO - selected roles : [8, 4, 2]
2016-11-14 14:26:16,236 - 2AU - INFO - mail sent from upgradeAutomation@st.com to ['mohamed-rafik.benmansour@st.com']
2016-11-14 14:26:16,598 - 2AU - INFO - mail sent from upgradeAutomation@st.com to ['mohamed-rafik.benmansour@st.com']
2016-11-14 14:26:16,961 - 2AU - INFO - mail sent from upgradeAutomation@st.com to ['mohamed-rafik.benmansour@st.com']
2016-11-14 14:26:32,450 - 2AU - INFO - ---- logger init ----
2016-11-14 14:26:32,453 - 2AU - INFO - selected roles : [8, 4, 2]
2016-11-14 14:26:32,778 - 2AU - INFO - mail sent from upgradeAutomation@st.com to ['fares.benkhalifa@st.com']
2016-11-14 14:26:33,133 - 2AU - INFO - mail sent from upgradeAutomation@st.com to ['mohamed-rafik.benmansour@st.com']
2016-11-14 14:26:33,488 - 2AU - INFO - mail sent from upgradeAutomation@st.com to ['fares.benkhalifa@st.com']
2016-11-14 14:29:37,227 - 2AU - INFO - ---- logger init ----
2016-11-14 14:29:37,228 - 2AU - INFO - selected roles : [8, 4, 2]
2016-11-14 14:29:37,685 - 2AU - INFO - mail sent from upgradeAutomation@st.com to ['fares.benkhalifa@st.com']
2016-11-14 14:29:38,049 - 2AU - INFO - mail sent from upgradeAutomation@st.com to ['mohamed-rafik.benmansour@st.com, mohamedamine.doghri@st.com']
2016-11-14 14:29:38,419 - 2AU - INFO - mail sent from upgradeAutomation@st.com to ['fares.benkhalifa@st.com']
2016-11-14 17:02:22,763 - 2AU - INFO - ---- logger init ----
2016-11-14 17:02:22,764 - 2AU - INFO - selected roles : [8]
2016-11-14 17:02:23,504 - 2AU - INFO - mail sent from upgradeAutomation@st.com to ['mohamed-rafik.benmansour@st.com']
2016-11-14 17:02:23,781 - 2AU - INFO - mail sent from upgradeAutomation@st.com to ['mohamed-rafik.benmansour@st.com']
2016-11-14 17:06:43,330 - 2AU - INFO - ---- logger init ----
2016-11-14 17:06:43,333 - 2AU - INFO - selected roles : [4, 1]
2016-11-14 17:06:48,769 - 2AU - INFO - ---- logger init ----
2016-11-14 17:06:48,770 - 2AU - INFO - selected roles : [4, 1]
2016-11-14 17:07:10,161 - 2AU - INFO - ---- logger init ----
2016-11-14 17:07:10,162 - 2AU - INFO - selected roles : [4, 1]
2016-11-14 17:08:11,792 - 2AU - INFO - ---- logger init ----
2016-11-14 17:08:11,793 - 2AU - INFO - selected roles : [4, 1]
2016-11-14 17:09:11,146 - 2AU - INFO - ---- logger init ----
2016-11-14 17:09:11,148 - 2AU - INFO - selected roles : [4, 1]
2016-11-14 17:09:11,235 - 2AU - INFO - recipients are specified in the template : ['mohamed-rafik.benmansour@st.com, mohamedamin.doghri@st.com']
2016-11-14 17:09:11,533 - 2AU - INFO - mail sent from upgradeAutomation@st.com to ['mohamed-rafik.benmansour@st.com, mohamedamin.doghri@st.com']
2016-11-14 17:09:44,402 - 2AU - INFO - ---- logger init ----
2016-11-14 17:09:44,403 - 2AU - INFO - selected roles : [4, 1]
2016-11-14 17:09:44,618 - 2AU - INFO - recipients are specified in the template : ['mohamed-rafik.benmansour@st.com, mohamedamin.doghri@st.com']
2016-11-14 17:09:44,917 - 2AU - INFO - mail sent from upgradeAutomation@st.com to ['mohamed-rafik.benmansour@st.com, mohamedamin.doghri@st.com']
2016-11-15 11:29:33,235 - 2AU - INFO - ---- logger init ----
2016-11-15 11:29:33,249 - 2AU - INFO - selected roles : [4, 1]
2016-11-15 11:29:34,868 - 2AU - INFO - recipients are specified in the template : ['mohamed-rafik.benmansour@st.com, mohamedamin.doghri@st.com']
2016-11-15 11:29:35,109 - 2AU - INFO - mail sent from upgradeAutomation@st.com to ['mohamed-rafik.benmansour@st.com, mohamedamin.doghri@st.com']
2016-11-15 11:37:42,663 - 2AU - INFO - ---- logger init ----
2016-11-15 11:37:42,664 - 2AU - INFO - selected roles : [4, 1]
2016-11-15 11:37:42,892 - 2AU - INFO - recipients are specified in the template : ['mohamed-rafik.benmansour@st.com, mohamedamin.doghri@st.com']
2016-11-15 11:37:43,233 - 2AU - INFO - mail sent from upgradeAutomation@st.com to ['mohamed-rafik.benmansour@st.com, mohamedamin.doghri@st.com']
2016-11-15 11:39:56,380 - 2AU - INFO - ---- logger init ----
2016-11-15 11:39:56,383 - 2AU - INFO - selected roles : [8, 2]
2016-11-15 11:39:56,720 - 2AU - INFO - mail sent from upgradeAutomation@st.com to ['mohamed-rafik.benmansour@st.com']
2016-11-15 11:39:57,091 - 2AU - INFO - mail sent from upgradeAutomation@st.com to ['mohamed-rafik.benmansour@st.com']
2016-11-15 11:50:33,897 - 2AU - INFO - ---- logger init ----
2016-11-15 11:50:33,899 - 2AU - INFO - selected roles : [8, 4, 2]
2016-11-15 11:50:34,312 - 2AU - INFO - mail sent from upgradeAutomation@st.com to ['fares.benkhalifa@st.com']
2016-11-15 11:50:34,443 - 2AU - INFO - recipients are specified in the template : ['fares.benkhalifa@st.com']
2016-11-15 11:50:34,684 - 2AU - INFO - mail sent from upgradeAutomation@st.com to ['fares.benkhalifa@st.com']
2016-11-15 11:50:35,059 - 2AU - INFO - mail sent from upgradeAutomation@st.com to ['fares.benkhalifa@st.com']
2016-11-15 16:34:46,913 - 2AU - INFO - ---- logger init ----
2016-11-15 16:34:46,914 - 2AU - INFO - selected roles : [4]
2016-11-15 16:34:48,143 - 2AU - INFO - recipients are specified in the template : ['mohamed-rafik.benmansour@st.com']
2016-11-15 16:34:51,665 - 2AU - INFO - mail sent from upgradeAutomation@st.com to ['mohamed-rafik.benmansour@st.com']
2016-11-15 16:36:05,990 - 2AU - INFO - ---- logger init ----
2016-11-15 16:36:05,992 - 2AU - INFO - selected roles : [4]
2016-11-15 16:36:06,196 - 2AU - INFO - recipients are specified in the template : ['mohamed-rafik.benmansour@st.com']
2016-11-15 16:36:06,553 - 2AU - INFO - mail sent from upgradeAutomation@st.com to ['mohamed-rafik.benmansour@st.com']
2016-11-15 16:36:56,273 - 2AU - INFO - ---- logger init ----
2016-11-15 16:36:56,274 - 2AU - INFO - selected roles : [4]
2016-11-15 16:36:56,461 - 2AU - INFO - recipients are specified in the template : ['mohamed-rafik.benmansour@st.com']
2016-11-15 16:36:57,282 - 2AU - INFO - mail sent from upgradeAutomation@st.com to ['mohamed-rafik.benmansour@st.com']
2016-11-15 16:48:30,273 - 2AU - INFO - ---- logger init ----
2016-11-15 16:48:30,274 - 2AU - INFO - selected roles : [4]
2016-11-15 16:48:30,449 - 2AU - INFO - recipients are specified in the template : ['mohamed-rafik.benmansour@st.com']
2016-11-15 16:48:30,731 - 2AU - INFO - mail sent from upgradeAutomation@st.com to ['mohamed-rafik.benmansour@st.com']
2016-11-15 16:48:53,652 - 2AU - INFO - ---- logger init ----
2016-11-15 16:48:53,654 - 2AU - INFO - selected roles : [4]
2016-11-15 16:48:53,769 - 2AU - INFO - recipients are specified in the template : ['mohamed-rafik.benmansour@st.com']
2016-11-15 16:48:54,022 - 2AU - INFO - mail sent from upgradeAutomation@st.com to ['mohamed-rafik.benmansour@st.com']
2016-11-15 16:49:34,775 - 2AU - INFO - ---- logger init ----
2016-11-15 16:49:34,776 - 2AU - INFO - selected roles : [4]
2016-11-15 16:49:34,866 - 2AU - INFO - recipients are specified in the template : ['mohamed-rafik.benmansour@st.com']
2016-11-15 16:49:35,139 - 2AU - INFO - mail sent from upgradeAutomation@st.com to ['mohamed-rafik.benmansour@st.com']
2016-11-15 16:50:44,276 - 2AU - INFO - ---- logger init ----
2016-11-15 16:50:44,277 - 2AU - INFO - selected roles : [4]
2016-11-15 16:50:44,383 - 2AU - INFO - recipients are specified in the template : ['mohamed-rafik.benmansour@st.com']
2016-11-15 16:50:44,621 - 2AU - INFO - mail sent from upgradeAutomation@st.com to ['mohamed-rafik.benmansour@st.com']
2016-11-15 16:51:17,015 - 2AU - INFO - ---- logger init ----
2016-11-15 16:51:17,016 - 2AU - INFO - selected roles : [4]
2016-11-15 16:51:17,113 - 2AU - INFO - recipients are specified in the template : ['mohamed-rafik.benmansour@st.com']
2016-11-15 16:51:18,375 - 2AU - INFO - mail sent from upgradeAutomation@st.com to ['mohamed-rafik.benmansour@st.com']
2016-11-15 16:52:57,685 - 2AU - INFO - ---- logger init ----
2016-11-15 16:52:57,694 - 2AU - INFO - selected roles : [4]
2016-11-15 16:52:57,793 - 2AU - INFO - recipients are specified in the template : ['mohamed-rafik.benmansour@st.com']
2016-11-15 16:52:58,030 - 2AU - INFO - mail sent from upgradeAutomation@st.com to ['mohamed-rafik.benmansour@st.com']
2016-11-15 16:53:37,649 - 2AU - INFO - ---- logger init ----
2016-11-15 16:53:37,650 - 2AU - INFO - selected roles : [4]
2016-11-15 16:53:37,735 - 2AU - INFO - recipients are specified in the template : ['mohamed-rafik.benmansour@st.com']
2016-11-15 16:53:37,978 - 2AU - INFO - mail sent from upgradeAutomation@st.com to ['mohamed-rafik.benmansour@st.com']
2016-11-15 16:57:32,293 - 2AU - INFO - ---- logger init ----
2016-11-15 16:57:32,295 - 2AU - INFO - selected roles : [4]
2016-11-15 16:57:32,467 - 2AU - INFO - recipients are specified in the template : ['mohamed-rafik.benmansour@st.com']
2016-11-15 16:57:32,752 - 2AU - INFO - mail sent from upgradeAutomation@st.com to ['mohamed-rafik.benmansour@st.com']
2016-11-15 16:58:06,421 - 2AU - INFO - ---- logger init ----
2016-11-15 16:58:06,423 - 2AU - INFO - selected roles : [4]
2016-11-15 16:58:06,563 - 2AU - INFO - recipients are specified in the template : ['mohamed-rafik.benmansour@st.com']
2016-11-15 16:58:06,874 - 2AU - INFO - mail sent from upgradeAutomation@st.com to ['mohamed-rafik.benmansour@st.com']
2016-11-15 16:58:09,569 - 2AU - INFO - ---- logger init ----
2016-11-15 16:58:09,570 - 2AU - INFO - selected roles : [4]
2016-11-15 16:58:09,667 - 2AU - INFO - recipients are specified in the template : ['mohamed-rafik.benmansour@st.com']
2016-11-15 16:58:09,900 - 2AU - INFO - mail sent from upgradeAutomation@st.com to ['mohamed-rafik.benmansour@st.com']
2016-11-15 16:58:33,926 - 2AU - INFO - ---- logger init ----
2016-11-15 16:58:33,927 - 2AU - INFO - selected roles : [4]
2016-11-15 16:58:34,015 - 2AU - INFO - recipients are specified in the template : ['mohamed-rafik.benmansour@st.com']
2016-11-15 16:58:34,268 - 2AU - INFO - mail sent from upgradeAutomation@st.com to ['mohamed-rafik.benmansour@st.com']
2016-11-15 16:58:55,299 - 2AU - INFO - ---- logger init ----
2016-11-15 16:58:55,300 - 2AU - INFO - selected roles : [4]
2016-11-15 16:58:55,526 - 2AU - INFO - recipients are specified in the template : ['mohamed-rafik.benmansour@st.com']
2016-11-15 16:58:55,896 - 2AU - INFO - mail sent from upgradeAutomation@st.com to ['mohamed-rafik.benmansour@st.com']
2016-11-15 17:01:04,675 - 2AU - INFO - ---- logger init ----
2016-11-15 17:01:04,676 - 2AU - INFO - selected roles : [4]
2016-11-15 17:01:04,764 - 2AU - INFO - recipients are specified in the template : ['mohamed-rafik.benmansour@st.com']
2016-11-15 17:01:05,028 - 2AU - INFO - mail sent from upgradeAutomation@st.com to ['mohamed-rafik.benmansour@st.com']
2016-11-15 17:01:22,834 - 2AU - INFO - ---- logger init ----
2016-11-15 17:01:22,835 - 2AU - INFO - selected roles : [4]
2016-11-15 17:01:22,927 - 2AU - INFO - recipients are specified in the template : ['mohamed-rafik.benmansour@st.com']
2016-11-15 17:01:23,214 - 2AU - INFO - mail sent from upgradeAutomation@st.com to ['mohamed-rafik.benmansour@st.com']
2016-11-15 17:02:34,046 - 2AU - INFO - ---- logger init ----
2016-11-15 17:02:34,047 - 2AU - INFO - selected roles : [4]
2016-11-15 17:02:34,184 - 2AU - INFO - recipients are specified in the template : ['mohamed-rafik.benmansour@st.com']
2016-11-15 17:02:34,468 - 2AU - INFO - mail sent from upgradeAutomation@st.com to ['mohamed-rafik.benmansour@st.com']
2016-11-15 17:02:58,831 - 2AU - INFO - ---- logger init ----
2016-11-15 17:02:58,832 - 2AU - INFO - selected roles : [4]
2016-11-15 17:02:58,935 - 2AU - INFO - recipients are specified in the template : ['mohamed-rafik.benmansour@st.com']
2016-11-15 17:02:59,208 - 2AU - INFO - mail sent from upgradeAutomation@st.com to ['mohamed-rafik.benmansour@st.com']
2016-11-15 17:03:01,082 - 2AU - INFO - ---- logger init ----
2016-11-15 17:03:01,083 - 2AU - INFO - selected roles : [4]
2016-11-15 17:03:01,175 - 2AU - INFO - recipients are specified in the template : ['mohamed-rafik.benmansour@st.com']
2016-11-15 17:03:01,457 - 2AU - INFO - mail sent from upgradeAutomation@st.com to ['mohamed-rafik.benmansour@st.com']
2016-11-15 17:03:14,228 - 2AU - INFO - ---- logger init ----
2016-11-15 17:03:14,229 - 2AU - INFO - selected roles : [4]
2016-11-15 17:03:14,315 - 2AU - INFO - recipients are specified in the template : ['mohamed-rafik.benmansour@st.com']
2016-11-15 17:03:14,594 - 2AU - INFO - mail sent from upgradeAutomation@st.com to ['mohamed-rafik.benmansour@st.com']
2016-11-15 17:03:53,358 - 2AU - INFO - ---- logger init ----
2016-11-15 17:03:53,359 - 2AU - INFO - selected roles : [4]
2016-11-15 17:03:53,455 - 2AU - INFO - recipients are specified in the template : ['mohamed-rafik.benmansour@st.com']
2016-11-15 17:03:53,767 - 2AU - INFO - mail sent from upgradeAutomation@st.com to ['mohamed-rafik.benmansour@st.com']
2016-11-15 17:04:46,087 - 2AU - INFO - ---- logger init ----
2016-11-15 17:04:46,088 - 2AU - INFO - selected roles : [4]
2016-11-15 17:04:46,174 - 2AU - INFO - recipients are specified in the template : ['mohamed-rafik.benmansour@st.com']
2016-11-15 17:04:46,465 - 2AU - INFO - mail sent from upgradeAutomation@st.com to ['mohamed-rafik.benmansour@st.com']
2016-11-15 17:05:40,228 - 2AU - INFO - ---- logger init ----
2016-11-15 17:05:40,229 - 2AU - INFO - selected roles : [4]
2016-11-15 17:05:40,353 - 2AU - INFO - recipients are specified in the template : ['mohamed-rafik.benmansour@st.com']
2016-11-15 17:05:40,678 - 2AU - INFO - mail sent from upgradeAutomation@st.com to ['mohamed-rafik.benmansour@st.com']
2016-11-15 17:05:55,945 - 2AU - INFO - ---- logger init ----
2016-11-15 17:05:55,946 - 2AU - INFO - selected roles : [4]
2016-11-15 17:05:56,076 - 2AU - INFO - recipients are specified in the template : ['mohamed-rafik.benmansour@st.com']
2016-11-15 17:05:56,486 - 2AU - INFO - mail sent from upgradeAutomation@st.com to ['mohamed-rafik.benmansour@st.com']
2016-11-15 17:08:43,822 - 2AU - INFO - ---- logger init ----
2016-11-15 17:08:43,823 - 2AU - INFO - selected roles : [4]
2016-11-15 17:08:43,910 - 2AU - INFO - recipients are specified in the template : ['mohamed-rafik.benmansour@st.com']
2016-11-15 17:08:44,210 - 2AU - INFO - mail sent from upgradeAutomation@st.com to ['mohamed-rafik.benmansour@st.com']
2016-11-15 17:09:04,452 - 2AU - INFO - ---- logger init ----
2016-11-15 17:09:04,454 - 2AU - INFO - selected roles : [4]
2016-11-15 17:09:04,540 - 2AU - INFO - recipients are specified in the template : ['mohamed-rafik.benmansour@st.com']
2016-11-15 17:09:04,778 - 2AU - INFO - mail sent from upgradeAutomation@st.com to ['mohamed-rafik.benmansour@st.com']
2016-11-15 17:11:07,862 - 2AU - INFO - ---- logger init ----
2016-11-15 17:11:07,863 - 2AU - INFO - selected roles : [4]
2016-11-15 17:11:07,949 - 2AU - INFO - recipients are specified in the template : ['mohamed-rafik.benmansour@st.com']
2016-11-15 17:11:08,239 - 2AU - INFO - mail sent from upgradeAutomation@st.com to ['mohamed-rafik.benmansour@st.com']
2016-11-15 17:11:17,976 - 2AU - INFO - ---- logger init ----
2016-11-15 17:11:17,977 - 2AU - INFO - selected roles : [4]
2016-11-15 17:11:18,077 - 2AU - INFO - recipients are specified in the template : ['mohamed-rafik.benmansour@st.com']
2016-11-15 17:11:18,367 - 2AU - INFO - mail sent from upgradeAutomation@st.com to ['mohamed-rafik.benmansour@st.com']
2016-11-15 17:13:46,654 - 2AU - INFO - ---- logger init ----
2016-11-15 17:13:46,655 - 2AU - INFO - selected roles : [4]
2016-11-15 17:13:46,741 - 2AU - INFO - recipients are specified in the template : ['mohamed-rafik.benmansour@st.com']
2016-11-15 17:13:46,975 - 2AU - INFO - mail sent from upgradeAutomation@st.com to ['mohamed-rafik.benmansour@st.com']
2016-11-15 17:13:59,370 - 2AU - INFO - ---- logger init ----
2016-11-15 17:13:59,371 - 2AU - INFO - selected roles : [4]
2016-11-15 17:13:59,548 - 2AU - INFO - recipients are specified in the template : ['mohamed-rafik.benmansour@st.com']
2016-11-15 17:13:59,835 - 2AU - INFO - mail sent from upgradeAutomation@st.com to ['mohamed-rafik.benmansour@st.com']
2016-11-15 17:15:33,865 - 2AU - INFO - ---- logger init ----
2016-11-15 17:15:33,873 - 2AU - INFO - selected roles : [4]
2016-11-15 17:15:33,971 - 2AU - INFO - recipients are specified in the template : ['mohamed-rafik.benmansour@st.com']
2016-11-15 17:15:34,210 - 2AU - INFO - mail sent from upgradeAutomation@st.com to ['mohamed-rafik.benmansour@st.com']
2016-11-16 12:27:21,966 - 2AU - INFO - ---- logger init ----
2016-11-16 12:27:21,967 - 2AU - INFO - selected roles : [4]
2016-11-16 12:27:22,161 - 2AU - INFO - recipients are specified in the template : ['mohamed-rafik.benmansour@st.com']
2016-11-16 12:27:22,407 - 2AU - INFO - mail sent from upgradeAutomation@st.com to ['mohamed-rafik.benmansour@st.com']
2016-11-16 12:27:24,710 - 2AU - INFO - ---- logger init ----
2016-11-16 12:27:24,712 - 2AU - INFO - selected roles : [4]
2016-11-16 12:27:24,797 - 2AU - INFO - recipients are specified in the template : ['mohamed-rafik.benmansour@st.com']
2016-11-16 12:27:25,039 - 2AU - INFO - mail sent from upgradeAutomation@st.com to ['mohamed-rafik.benmansour@st.com']
2016-11-16 12:27:35,930 - 2AU - INFO - ---- logger init ----
2016-11-16 12:27:35,932 - 2AU - INFO - selected roles : [4]
2016-11-16 12:27:36,019 - 2AU - INFO - recipients are specified in the template : ['mohamed-rafik.benmansour@st.com']
2016-11-16 12:27:36,255 - 2AU - INFO - mail sent from upgradeAutomation@st.com to ['mohamed-rafik.benmansour@st.com']
2016-11-16 12:27:38,707 - 2AU - INFO - ---- logger init ----
2016-11-16 12:27:38,708 - 2AU - INFO - selected roles : [4]
2016-11-16 12:27:38,793 - 2AU - INFO - recipients are specified in the template : ['mohamed-rafik.benmansour@st.com']
2016-11-16 12:27:39,025 - 2AU - INFO - mail sent from upgradeAutomation@st.com to ['mohamed-rafik.benmansour@st.com']
2016-11-16 12:33:03,103 - 2AU - INFO - ---- logger init ----
2016-11-16 12:33:03,104 - 2AU - INFO - selected roles : [4]
2016-11-16 12:33:03,189 - 2AU - INFO - recipients are specified in the template : ['mohamed-rafik.benmansour@st.com']
2016-11-16 12:33:03,425 - 2AU - INFO - mail sent from upgradeAutomation@st.com to ['mohamed-rafik.benmansour@st.com']
2016-11-16 12:36:23,007 - 2AU - INFO - ---- logger init ----
2016-11-16 12:36:23,009 - 2AU - INFO - selected roles : [4]
2016-11-16 12:36:23,095 - 2AU - INFO - recipients are specified in the template : ['mohamed-rafik.benmansour@st.com']
2016-11-16 12:36:23,333 - 2AU - INFO - mail sent from upgradeAutomation@st.com to ['mohamed-rafik.benmansour@st.com']
2016-11-16 12:40:17,623 - 2AU - INFO - ---- logger init ----
2016-11-16 12:40:17,624 - 2AU - INFO - selected roles : [4]
2016-11-16 12:40:17,710 - 2AU - INFO - recipients are specified in the template : ['mohamed-rafik.benmansour@st.com']
2016-11-16 12:40:17,943 - 2AU - INFO - mail sent from upgradeAutomation@st.com to ['mohamed-rafik.benmansour@st.com']
2016-11-17 11:46:36,969 - 2AU - INFO - ---- logger init ----
2016-11-17 11:46:51,693 - 2AU - INFO - ---- logger init ----
2016-11-17 11:47:20,424 - 2AU - INFO - ---- logger init ----
2016-11-17 11:48:03,800 - 2AU - INFO - ---- logger init ----
2016-11-17 11:48:29,215 - 2AU - INFO - ---- logger init ----
2016-11-17 11:48:46,684 - 2AU - INFO - ---- logger init ----
2016-11-17 11:48:46,685 - 2AU - INFO - selected roles : [4]
2016-11-17 11:54:39,465 - 2AU - INFO - ---- logger init ----
2016-11-17 11:55:11,489 - 2AU - INFO - ---- logger init ----
2016-11-17 11:55:17,834 - 2AU - INFO - ---- logger init ----
2016-11-17 11:56:00,689 - 2AU - INFO - ---- logger init ----
2016-11-17 11:56:00,691 - 2AU - INFO - selected rules : []
2016-11-17 11:57:01,215 - 2AU - INFO - ---- logger init ----
2016-11-17 11:57:01,217 - 2AU - INFO - selected rules : []
2016-11-17 11:57:30,694 - 2AU - INFO - ---- logger init ----
2016-11-17 11:57:30,695 - 2AU - INFO - selected rules : []
2016-11-17 11:57:54,742 - 2AU - INFO - ---- logger init ----
2016-11-17 11:57:54,743 - 2AU - INFO - selected rules : []
2016-11-17 11:58:28,974 - 2AU - INFO - ---- logger init ----
2016-11-17 11:58:28,975 - 2AU - INFO - selected rules : []
2016-11-17 11:58:31,949 - 2AU - INFO - ---- logger init ----
2016-11-17 11:58:31,951 - 2AU - INFO - selected rules : []
2016-11-17 11:59:20,438 - 2AU - INFO - ---- logger init ----
2016-11-17 11:59:20,440 - 2AU - INFO - selected rules : []
2016-11-17 11:59:56,229 - 2AU - INFO - ---- logger init ----
2016-11-17 11:59:56,231 - 2AU - INFO - selected rules : []
2016-11-17 12:00:09,363 - 2AU - INFO - ---- logger init ----
2016-11-17 12:00:09,367 - 2AU - INFO - selected rules : []
2016-11-17 12:00:26,579 - 2AU - INFO - ---- logger init ----
2016-11-17 12:00:26,580 - 2AU - INFO - selected rules : []
2016-11-17 12:00:30,068 - 2AU - INFO - ---- logger init ----
2016-11-17 12:00:30,069 - 2AU - INFO - selected rules : []
2016-11-17 12:01:47,108 - 2AU - INFO - ---- logger init ----
2016-11-17 12:01:49,956 - 2AU - INFO - ---- logger init ----
2016-11-17 12:01:57,857 - 2AU - INFO - ---- logger init ----
2016-11-17 12:02:04,328 - 2AU - INFO - ---- logger init ----
2016-11-17 12:03:02,376 - 2AU - INFO - ---- logger init ----
2016-11-17 12:04:11,997 - 2AU - INFO - ---- logger init ----
2016-11-17 12:04:13,611 - 2AU - INFO - ---- logger init ----
2016-11-17 12:04:28,551 - 2AU - INFO - ---- logger init ----
2016-11-17 12:04:50,626 - 2AU - INFO - ---- logger init ----
2016-11-17 12:05:02,025 - 2AU - INFO - ---- logger init ----
2016-11-17 12:05:04,487 - 2AU - INFO - ---- logger init ----
2016-11-17 12:09:23,853 - 2AU - INFO - ---- logger init ----
2016-11-17 12:10:36,658 - 2AU - INFO - ---- logger init ----
2016-11-17 12:10:49,874 - 2AU - INFO - ---- logger init ----
2016-11-17 12:10:51,859 - 2AU - INFO - ---- logger init ----
2016-11-17 12:11:19,363 - 2AU - INFO - ---- logger init ----
2016-11-17 12:11:26,221 - 2AU - INFO - ---- logger init ----
2016-11-17 12:11:47,787 - 2AU - INFO - ---- logger init ----
2016-11-17 12:13:00,404 - 2AU - INFO - ---- logger init ----
2016-11-17 12:16:21,380 - 2AU - INFO - ---- logger init ----
2016-11-17 12:16:27,487 - 2AU - INFO - ---- logger init ----
2016-11-17 12:17:39,626 - 2AU - INFO - ---- logger init ----
2016-11-17 12:20:29,124 - 2AU - INFO - ---- logger init ----
2016-11-17 12:21:17,386 - 2AU - INFO - ---- logger init ----
2016-11-17 12:22:06,923 - 2AU - INFO - ---- logger init ----
2016-11-17 12:23:22,687 - 2AU - INFO - ---- logger init ----
2016-11-17 12:23:35,532 - 2AU - INFO - ---- logger init ----
2016-11-17 12:25:04,888 - 2AU - INFO - ---- logger init ----
2016-11-17 12:26:09,299 - 2AU - INFO - ---- logger init ----
2016-11-17 12:26:09,303 - 2AU - INFO - selected rules : [2]
2016-11-17 12:26:10,080 - 2AU - INFO - mail sent from upgradeAutomation@st.com to ['mohamed-rafik.benmansour@st.com']
2016-11-17 12:29:10,566 - 2AU - INFO - ---- logger init ----
2016-11-17 12:29:10,568 - 2AU - INFO - selected rules : [2]
2016-11-17 12:29:10,882 - 2AU - INFO - mail sent from upgradeAutomation@st.com to ['mohamed-rafik.benmansour@st.com']
2016-11-17 12:29:43,531 - 2AU - INFO - ---- logger init ----
2016-11-17 12:29:43,533 - 2AU - INFO - selected rules : [8, 2]
2016-11-17 12:29:43,891 - 2AU - INFO - mail sent from upgradeAutomation@st.com to ['mohamed-rafik.benmansour@st.com']
2016-11-17 12:29:44,246 - 2AU - INFO - mail sent from upgradeAutomation@st.com to ['mohamed-rafik.benmansour@st.com']
2016-11-17 12:30:11,828 - 2AU - INFO - ---- logger init ----
2016-11-17 12:31:20,786 - 2AU - INFO - ---- logger init ----
2016-11-17 12:31:26,165 - 2AU - INFO - ---- logger init ----
2016-11-17 12:32:05,658 - 2AU - INFO - ---- logger init ----
2016-11-17 12:32:11,666 - 2AU - INFO - ---- logger init ----
2016-11-17 12:34:15,559 - 2AU - INFO - ---- logger init ----
2016-11-17 12:34:17,944 - 2AU - INFO - ---- logger init ----
2016-11-17 12:34:39,420 - 2AU - INFO - ---- logger init ----
2016-11-17 12:34:50,529 - 2AU - INFO - ---- logger init ----
2016-11-17 12:34:53,041 - 2AU - INFO - ---- logger init ----
2016-11-17 12:35:07,804 - 2AU - INFO - ---- logger init ----
2016-11-17 12:35:07,806 - 2AU - INFO - selected rules : [8, 2]
2016-11-17 12:35:08,737 - 2AU - INFO - mail sent from upgradeAutomation@st.com to ['mohamed-rafik.benmansour@st.com']
2016-11-17 12:35:09,140 - 2AU - INFO - mail sent from upgradeAutomation@st.com to ['mohamed-rafik.benmansour@st.com']
2016-11-17 12:35:23,790 - 2AU - INFO - ---- logger init ----
2016-11-17 12:36:43,312 - 2AU - INFO - ---- logger init ----
2016-11-17 12:36:47,831 - 2AU - INFO - ---- logger init ----
2016-11-17 12:37:29,543 - 2AU - INFO - ---- logger init ----
2016-11-17 13:39:58,876 - 2AU - INFO - ---- logger init ----
2016-11-17 13:40:03,122 - 2AU - INFO - ---- logger init ----
2016-11-17 13:41:42,824 - 2AU - INFO - ---- logger init ----
2016-11-17 13:49:47,004 - 2AU - INFO - ---- logger init ----
2016-11-17 13:49:59,753 - 2AU - INFO - ---- logger init ----
2016-11-17 13:50:01,520 - 2AU - INFO - ---- logger init ----
2016-11-17 13:50:29,628 - 2AU - INFO - ---- logger init ----
2016-11-17 13:50:54,840 - 2AU - INFO - ---- logger init ----
2016-11-17 13:50:56,634 - 2AU - INFO - ---- logger init ----
2016-11-17 13:52:05,621 - 2AU - INFO - ---- logger init ----
2016-11-17 13:52:08,960 - 2AU - INFO - ---- logger init ----
2016-11-17 13:52:20,759 - 2AU - INFO - ---- logger init ----
2016-11-17 13:52:23,968 - 2AU - INFO - ---- logger init ----
2016-11-17 13:53:31,158 - 2AU - INFO - ---- logger init ----
2016-11-17 13:53:39,278 - 2AU - INFO - ---- logger init ----
2016-11-17 13:54:07,886 - 2AU - INFO - ---- logger init ----
2016-11-17 13:54:16,627 - 2AU - INFO - ---- logger init ----
2016-11-17 13:54:43,991 - 2AU - INFO - ---- logger init ----
2016-11-17 13:54:45,750 - 2AU - INFO - ---- logger init ----
2016-11-17 13:55:02,926 - 2AU - INFO - ---- logger init ----
2016-11-17 13:55:13,242 - 2AU - INFO - ---- logger init ----
2016-11-17 13:55:25,502 - 2AU - INFO - ---- logger init ----
2016-11-17 13:55:35,878 - 2AU - INFO - ---- logger init ----
2016-11-17 13:55:42,613 - 2AU - INFO - ---- logger init ----
2016-11-17 13:55:44,604 - 2AU - INFO - ---- logger init ----
2016-11-17 13:57:27,882 - 2AU - INFO - ---- logger init ----
2016-11-17 13:57:27,884 - 2AU - INFO - selected rules : []
2016-11-17 13:59:10,683 - 2AU - INFO - ---- logger init ----
2016-11-17 13:59:13,389 - 2AU - INFO - ---- logger init ----
2016-11-17 13:59:29,910 - 2AU - INFO - ---- logger init ----
2016-11-17 14:00:03,429 - 2AU - INFO - ---- logger init ----
2016-11-17 14:00:05,803 - 2AU - INFO - ---- logger init ----
2016-11-17 14:05:30,003 - 2AU - INFO - ---- logger init ----
2016-11-17 14:05:30,005 - 2AU - INFO - selected rules : []
2016-11-17 14:05:32,387 - 2AU - INFO - ---- logger init ----
2016-11-17 14:05:32,389 - 2AU - INFO - selected rules : []
2016-11-17 14:07:45,423 - 2AU - INFO - ---- logger init ----
2016-11-17 14:07:45,425 - 2AU - INFO - selected rules : []
2016-11-17 14:08:08,281 - 2AU - INFO - ---- logger init ----
2016-11-17 14:08:08,283 - 2AU - INFO - selected rules : []
2016-11-17 14:08:56,385 - 2AU - INFO - ---- logger init ----
2016-11-17 14:08:56,387 - 2AU - INFO - selected rules : []
2016-11-17 14:08:59,537 - 2AU - INFO - ---- logger init ----
2016-11-17 14:08:59,538 - 2AU - INFO - selected rules : []
2016-11-17 14:09:29,033 - 2AU - INFO - ---- logger init ----
2016-11-17 14:09:31,014 - 2AU - INFO - ---- logger init ----
2016-11-17 14:10:03,875 - 2AU - INFO - ---- logger init ----
2016-11-17 14:10:08,263 - 2AU - INFO - ---- logger init ----
2016-11-17 14:10:14,802 - 2AU - INFO - ---- logger init ----
2016-11-17 14:11:53,719 - 2AU - INFO - ---- logger init ----
2016-11-17 14:11:55,557 - 2AU - INFO - ---- logger init ----
2016-11-17 14:14:12,921 - 2AU - INFO - ---- logger init ----
2016-11-17 14:14:22,924 - 2AU - INFO - ---- logger init ----
2016-11-17 14:15:06,547 - 2AU - INFO - ---- logger init ----
2016-11-17 14:15:08,682 - 2AU - INFO - ---- logger init ----
2016-11-17 14:15:56,176 - 2AU - INFO - ---- logger init ----
2016-11-17 14:21:18,072 - 2AU - INFO - ---- logger init ----
2016-11-17 14:23:35,093 - 2AU - INFO - ---- logger init ----
2016-11-17 14:23:36,940 - 2AU - INFO - ---- logger init ----
2016-11-17 14:24:27,291 - 2AU - INFO - ---- logger init ----
2016-11-17 14:24:29,217 - 2AU - INFO - ---- logger init ----
2016-11-17 14:26:17,205 - 2AU - INFO - ---- logger init ----
2016-11-17 14:26:22,052 - 2AU - INFO - ---- logger init ----
2016-11-17 14:26:48,957 - 2AU - INFO - ---- logger init ----
2016-11-17 14:27:38,346 - 2AU - INFO - ---- logger init ----
2016-11-17 14:28:12,836 - 2AU - INFO - ---- logger init ----
2016-11-17 14:28:15,101 - 2AU - INFO - ---- logger init ----
2016-11-17 14:28:23,361 - 2AU - INFO - ---- logger init ----
2016-11-17 14:32:46,241 - 2AU - INFO - ---- logger init ----
2016-11-17 14:32:49,454 - 2AU - INFO - ---- logger init ----
2016-11-17 14:33:20,339 - 2AU - INFO - ---- logger init ----
2016-11-17 14:34:43,202 - 2AU - INFO - ---- logger init ----
2016-11-17 14:34:58,127 - 2AU - INFO - ---- logger init ----
2016-11-17 14:38:21,481 - 2AU - INFO - ---- logger init ----
2016-11-17 14:38:25,837 - 2AU - INFO - ---- logger init ----
2016-11-17 14:42:50,603 - 2AU - INFO - ---- logger init ----
2016-11-17 14:45:57,514 - 2AU - INFO - ---- logger init ----
2016-11-17 14:46:55,391 - 2AU - INFO - ---- logger init ----
2016-11-17 14:46:57,278 - 2AU - INFO - ---- logger init ----
2016-11-17 14:47:47,994 - 2AU - INFO - ---- logger init ----
2016-11-17 14:50:06,470 - 2AU - INFO - ---- logger init ----
2016-11-17 14:50:08,291 - 2AU - INFO - ---- logger init ----
2016-11-17 14:50:40,656 - 2AU - INFO - ---- logger init ----
2016-11-17 14:50:42,267 - 2AU - INFO - ---- logger init ----
2016-11-17 15:02:55,892 - 2AU - INFO - ---- logger init ----
2016-11-17 15:05:58,802 - 2AU - INFO - ---- logger init ----
2016-11-17 15:06:34,448 - 2AU - INFO - ---- logger init ----
2016-11-17 15:07:04,441 - 2AU - INFO - ---- logger init ----
2016-11-17 15:07:55,208 - 2AU - INFO - ---- logger init ----
2016-11-17 15:08:32,448 - 2AU - INFO - ---- logger init ----
2016-11-17 15:08:39,916 - 2AU - INFO - ---- logger init ----
2016-11-17 15:09:28,550 - 2AU - INFO - ---- logger init ----
2016-11-17 15:09:49,305 - 2AU - INFO - ---- logger init ----
2016-11-17 15:10:01,834 - 2AU - INFO - ---- logger init ----
2016-11-17 15:10:38,298 - 2AU - INFO - ---- logger init ----
2016-11-17 15:11:18,678 - 2AU - INFO - ---- logger init ----
2016-11-17 15:11:45,558 - 2AU - INFO - ---- logger init ----
2016-11-17 15:11:55,589 - 2AU - INFO - ---- logger init ----
2016-11-17 15:12:37,938 - 2AU - INFO - ---- logger init ----
2016-11-17 15:13:47,965 - 2AU - INFO - ---- logger init ----
2016-11-17 15:14:24,800 - 2AU - INFO - ---- logger init ----
2016-11-17 15:15:02,456 - 2AU - INFO - ---- logger init ----
2016-11-17 15:15:33,945 - 2AU - INFO - ---- logger init ----
2016-11-17 15:15:36,955 - 2AU - INFO - ---- logger init ----
2016-11-17 15:18:02,689 - 2AU - INFO - ---- logger init ----
2016-11-17 15:18:08,214 - 2AU - INFO - ---- logger init ----
2016-11-17 15:19:02,675 - 2AU - INFO - ---- logger init ----
2016-11-17 15:19:26,718 - 2AU - INFO - ---- logger init ----
2016-11-17 15:19:29,471 - 2AU - INFO - ---- logger init ----
2016-11-17 15:20:15,449 - 2AU - INFO - ---- logger init ----
2016-11-17 15:20:19,492 - 2AU - INFO - ---- logger init ----
2016-11-17 15:20:22,940 - 2AU - INFO - ---- logger init ----
2016-11-17 15:20:22,941 - 2AU - INFO - selected rules : [4]
2016-11-17 15:20:23,603 - 2AU - INFO - recipients are specified in the template : ['mohamed-rafik.benmansour@st.com']
2016-11-17 15:20:23,845 - 2AU - INFO - mail sent from upgradeAutomation@st.com to ['mohamed-rafik.benmansour@st.com']
2016-11-17 15:21:05,066 - 2AU - INFO - ---- logger init ----
2016-11-17 15:21:43,776 - 2AU - INFO - ---- logger init ----
2016-11-17 15:21:53,960 - 2AU - INFO - ---- logger init ----
2016-11-17 15:22:36,997 - 2AU - INFO - ---- logger init ----
2016-11-17 15:22:37,001 - 2AU - INFO - selected rules : [4]
2016-11-17 15:22:37,088 - 2AU - INFO - recipients are specified in the template : ['mohamed-rafik.benmansour@st.com']
2016-11-17 15:22:37,326 - 2AU - INFO - mail sent from upgradeAutomation@st.com to ['mohamed-rafik.benmansour@st.com']
2016-11-17 15:23:18,188 - 2AU - INFO - ---- logger init ----
2016-11-17 15:23:18,190 - 2AU - INFO - selected rules : [8, 2]
2016-11-17 15:23:18,622 - 2AU - INFO - mail sent from upgradeAutomation@st.com to ['mohamed-rafik.benmansour@st.com']
2016-11-17 15:23:19,037 - 2AU - INFO - mail sent from upgradeAutomation@st.com to ['mohamed-rafik.benmansour@st.com']
2016-11-17 15:23:29,867 - 2AU - INFO - ---- logger init ----
2016-11-17 15:23:29,869 - 2AU - INFO - selected rules : [1]
2016-11-17 15:26:30,987 - 2AU - INFO - ---- logger init ----
2016-11-17 15:26:30,989 - 2AU - INFO - selected rules : [1]
2016-11-17 15:26:30,989 - 2AU - ERROR - you have specified a playbook launch in the rules but you didn't present any playbook in params
2016-11-17 15:26:40,333 - 2AU - INFO - ---- logger init ----
2016-11-17 15:26:40,334 - 2AU - INFO - selected rules : [1]
2016-11-17 15:26:40,334 - 2AU - ERROR - you have specified a playbook launch in the rules but you didn't present any playbook in params
2016-11-17 15:26:46,121 - 2AU - INFO - ---- logger init ----
2016-11-17 15:26:46,122 - 2AU - INFO - selected rules : [1]
2016-11-17 15:29:16,467 - 2AU - INFO - ---- logger init ----
2016-11-17 15:29:16,468 - 2AU - INFO - selected rules : [1]
2016-11-17 15:29:16,468 - 2AU - ERROR - you have specified a playbook launch in the rules but you didn't present any playbook in params
2016-11-17 15:29:49,110 - 2AU - INFO - ---- logger init ----
2016-11-17 15:30:21,532 - 2AU - INFO - ---- logger init ----
2016-11-17 15:30:23,875 - 2AU - INFO - ---- logger init ----
2016-11-17 15:30:33,455 - 2AU - INFO - ---- logger init ----
2016-11-17 15:31:21,613 - 2AU - INFO - ---- logger init ----
2016-11-17 15:31:21,614 - 2AU - INFO - selected rules : [4]
2016-11-17 15:31:21,701 - 2AU - INFO - recipients are specified in the template : ['mohamed-rafik.benmansour@st.com']
2016-11-17 15:31:21,933 - 2AU - INFO - mail sent from upgradeAutomation@st.com to ['mohamed-rafik.benmansour@st.com']
2016-11-17 15:31:43,734 - 2AU - INFO - ---- logger init ----
2016-11-17 15:31:43,735 - 2AU - INFO - selected rules : [4]
2016-11-17 15:31:43,823 - 2AU - INFO - recipients are specified in the template : ['mohamed-rafik.benmansour@st.com']
2016-11-17 15:31:44,093 - 2AU - INFO - mail sent from upgradeAutomation@st.com to ['mohamed-rafik.benmansour@st.com']
2016-11-18 14:30:55,168 - 2AU - INFO - ---- logger init ----
2016-11-18 14:40:58,576 - 2AU - INFO - ---- logger init ----
2016-11-18 14:41:53,088 - 2AU - INFO - ---- logger init ----
2016-11-18 14:41:55,201 - 2AU - INFO - ---- logger init ----
2016-11-18 14:42:12,923 - 2AU - INFO - ---- logger init ----
2016-11-18 14:43:33,737 - 2AU - INFO - ---- logger init ----
2016-11-18 14:43:56,615 - 2AU - INFO - ---- logger init ----
2016-11-18 14:45:06,624 - 2AU - INFO - ---- logger init ----
2016-11-18 14:46:01,089 - 2AU - INFO - ---- logger init ----
2016-11-18 14:46:22,247 - 2AU - INFO - ---- logger init ----
2016-11-18 14:46:59,842 - 2AU - INFO - ---- logger init ----
2016-11-18 14:47:03,849 - 2AU - INFO - ---- logger init ----
2016-11-18 14:47:11,039 - 2AU - INFO - ---- logger init ----
2016-11-18 14:47:12,862 - 2AU - INFO - ---- logger init ----
2016-11-18 14:48:03,496 - 2AU - INFO - ---- logger init ----
2016-11-18 14:48:06,237 - 2AU - INFO - ---- logger init ----
2016-11-18 14:49:04,854 - 2AU - INFO - ---- logger init ----
2016-11-18 14:49:07,102 - 2AU - INFO - ---- logger init ----
2016-11-18 14:51:52,648 - 2AU - INFO - ---- logger init ----
2016-11-18 14:52:09,008 - 2AU - INFO - ---- logger init ----
2016-11-18 14:52:11,847 - 2AU - INFO - ---- logger init ----
2016-11-18 14:52:16,725 - 2AU - INFO - ---- logger init ----
2016-11-18 14:52:22,388 - 2AU - INFO - ---- logger init ----
2016-11-18 14:53:46,100 - 2AU - INFO - ---- logger init ----
2016-11-18 14:53:48,017 - 2AU - INFO - ---- logger init ----
2016-11-18 14:54:01,520 - 2AU - INFO - ---- logger init ----
2016-11-18 14:54:57,483 - 2AU - INFO - ---- logger init ----
2016-11-18 15:10:11,867 - 2AU - INFO - ---- logger init ----
2016-11-18 15:10:14,032 - 2AU - INFO - ---- logger init ----
2016-11-18 15:10:34,038 - 2AU - INFO - ---- logger init ----
2016-11-18 15:10:41,771 - 2AU - INFO - ---- logger init ----
2016-11-18 15:10:47,525 - 2AU - INFO - ---- logger init ----
2016-11-18 15:10:53,781 - 2AU - INFO - ---- logger init ----
2016-11-18 15:11:10,787 - 2AU - INFO - ---- logger init ----
2016-11-18 15:11:12,913 - 2AU - INFO - ---- logger init ----
2016-11-18 15:11:21,775 - 2AU - INFO - ---- logger init ----
2016-11-18 15:12:45,658 - 2AU - INFO - ---- logger init ----
2016-11-18 15:50:30,302 - 2AU - INFO - ---- logger init ----
2016-11-18 15:50:48,901 - 2AU - INFO - ---- logger init ----
2016-11-18 15:50:50,829 - 2AU - INFO - ---- logger init ----
2016-11-18 15:51:00,868 - 2AU - INFO - ---- logger init ----
2016-11-18 15:51:02,613 - 2AU - INFO - ---- logger init ----
2016-11-18 15:51:21,248 - 2AU - INFO - ---- logger init ----
2016-11-18 15:52:17,074 - 2AU - INFO - ---- logger init ----
2016-11-18 15:52:32,264 - 2AU - INFO - ---- logger init ----
2016-11-18 15:52:34,038 - 2AU - INFO - ---- logger init ----
2016-11-18 15:52:49,771 - 2AU - INFO - ---- logger init ----
2016-11-18 15:53:16,497 - 2AU - INFO - ---- logger init ----
2016-11-18 15:53:18,022 - 2AU - INFO - ---- logger init ----
2016-11-18 15:54:20,126 - 2AU - INFO - ---- logger init ----
2016-11-18 15:54:59,047 - 2AU - INFO - ---- logger init ----
2016-11-18 15:55:01,378 - 2AU - INFO - ---- logger init ----
2016-11-18 15:55:04,752 - 2AU - INFO - ---- logger init ----
2016-11-18 15:57:46,396 - 2AU - INFO - ---- logger init ----
2016-11-18 15:58:09,789 - 2AU - INFO - ---- logger init ----
2016-11-18 16:19:36,238 - 2AU - INFO - ---- logger init ----
2016-11-18 16:20:44,554 - 2AU - INFO - ---- logger init ----
2016-11-18 16:20:46,941 - 2AU - INFO - ---- logger init ----
2016-11-18 16:22:11,949 - 2AU - INFO - ---- logger init ----
2016-11-18 16:24:02,484 - 2AU - INFO - ---- logger init ----
2016-11-18 16:24:04,596 - 2AU - INFO - ---- logger init ----
2016-11-18 16:25:04,432 - 2AU - INFO - ---- logger init ----
2016-11-18 16:25:18,493 - 2AU - INFO - ---- logger init ----
2016-11-18 16:25:33,747 - 2AU - INFO - ---- logger init ----
2016-11-18 16:25:45,954 - 2AU - INFO - ---- logger init ----
2016-11-18 16:25:47,837 - 2AU - INFO - ---- logger init ----
2016-11-18 16:26:25,721 - 2AU - INFO - ---- logger init ----
2016-11-18 16:26:43,486 - 2AU - INFO - ---- logger init ----
2016-11-18 16:27:38,724 - 2AU - INFO - ---- logger init ----
2016-11-18 16:28:31,077 - 2AU - INFO - ---- logger init ----
2016-11-18 16:28:58,721 - 2AU - INFO - ---- logger init ----
2016-11-18 16:29:08,623 - 2AU - INFO - ---- logger init ----
2016-11-18 16:29:11,627 - 2AU - INFO - ---- logger init ----
2016-11-18 16:29:21,735 - 2AU - INFO - ---- logger init ----
2016-11-18 16:29:38,082 - 2AU - INFO - ---- logger init ----
2016-11-18 16:29:39,879 - 2AU - INFO - ---- logger init ----
2016-11-18 16:31:25,014 - 2AU - INFO - ---- logger init ----
2016-11-18 16:31:26,886 - 2AU - INFO - ---- logger init ----
2016-11-18 16:31:52,732 - 2AU - INFO - ---- logger init ----
2016-11-18 16:31:55,133 - 2AU - INFO - ---- logger init ----
2016-11-18 16:32:19,630 - 2AU - INFO - ---- logger init ----
2016-11-18 16:42:46,407 - 2AU - INFO - ---- logger init ----
2016-11-18 16:43:20,794 - 2AU - INFO - ---- logger init ----
2016-11-18 16:43:22,667 - 2AU - INFO - ---- logger init ----
2016-11-18 16:44:34,398 - 2AU - INFO - ---- logger init ----
2016-11-18 16:44:37,041 - 2AU - INFO - ---- logger init ----
2016-11-18 16:44:54,909 - 2AU - INFO - ---- logger init ----
2016-11-18 16:45:11,301 - 2AU - INFO - ---- logger init ----
2016-11-18 16:46:42,168 - 2AU - INFO - ---- logger init ----
2016-11-18 16:47:00,132 - 2AU - INFO - ---- logger init ----
2016-11-18 16:47:03,279 - 2AU - INFO - ---- logger init ----
2016-11-18 16:47:10,284 - 2AU - INFO - ---- logger init ----
2016-11-18 16:48:27,035 - 2AU - INFO - ---- logger init ----
2016-11-18 16:48:36,034 - 2AU - INFO - ---- logger init ----
2016-11-18 16:48:53,997 - 2AU - INFO - ---- logger init ----
2016-11-18 16:49:01,141 - 2AU - INFO - ---- logger init ----
2016-11-18 16:49:57,677 - 2AU - INFO - ---- logger init ----
2016-11-18 16:50:17,681 - 2AU - INFO - ---- logger init ----
2016-11-18 16:50:23,645 - 2AU - INFO - ---- logger init ----
2016-11-18 16:50:54,891 - 2AU - INFO - ---- logger init ----
2016-11-18 16:52:58,793 - 2AU - INFO - ---- logger init ----
2016-11-18 16:54:08,011 - 2AU - INFO - ---- logger init ----
2016-11-18 16:58:04,516 - 2AU - INFO - ---- logger init ----
2016-11-21 10:14:32,071 - 2AU - INFO - ---- logger init ----
2016-11-21 10:15:56,762 - 2AU - INFO - ---- logger init ----
